<?xml version="1.0" encoding="UTF-8"?>
<!-- Generated by org.testng.reporters.JUnitReportReporter -->
<testsuite hostname="hms-update4" name="com.hms.hotelogix.automationframework.tests.admin.PriceManager.Seasons.SeasonTest" tests="36" failures="1" timestamp="28 Aug 2017 06:30:49 GMT" time="1395.911" errors="0">
  <testcase name="HMS7880" time="25.683" classname="com.hms.hotelogix.automationframework.tests.admin.PriceManager.Seasons.SeasonTest"/>
  <testcase name="HMS2362" time="57.953" classname="com.hms.hotelogix.automationframework.tests.admin.PriceManager.Seasons.SeasonTest"/>
  <testcase name="HMS2354" time="26.684" classname="com.hms.hotelogix.automationframework.tests.admin.PriceManager.Seasons.SeasonTest"/>
  <testcase name="HMS7877" time="27.314" classname="com.hms.hotelogix.automationframework.tests.admin.PriceManager.Seasons.SeasonTest"/>
  <testcase name="HMS2360" time="27.054" classname="com.hms.hotelogix.automationframework.tests.admin.PriceManager.Seasons.SeasonTest"/>
  <testcase name="HMS2361" time="61.311" classname="com.hms.hotelogix.automationframework.tests.admin.PriceManager.Seasons.SeasonTest"/>
  <testcase name="HMS6614" time="32.723" classname="com.hms.hotelogix.automationframework.tests.admin.PriceManager.Seasons.SeasonTest"/>
  <testcase name="HMS2357" time="26.655" classname="com.hms.hotelogix.automationframework.tests.admin.PriceManager.Seasons.SeasonTest"/>
  <testcase name="HMS7878" time="23.994" classname="com.hms.hotelogix.automationframework.tests.admin.PriceManager.Seasons.SeasonTest"/>
  <testcase name="HMS7876" time="25.044" classname="com.hms.hotelogix.automationframework.tests.admin.PriceManager.Seasons.SeasonTest"/>
  <testcase name="HMS2351" time="30.855" classname="com.hms.hotelogix.automationframework.tests.admin.PriceManager.Seasons.SeasonTest"/>
  <testcase name="HMS2353_6657" time="24.171" classname="com.hms.hotelogix.automationframework.tests.admin.PriceManager.Seasons.SeasonTest"/>
  <testcase name="HMS6645" time="36.029" classname="com.hms.hotelogix.automationframework.tests.admin.PriceManager.Seasons.SeasonTest"/>
  <testcase name="HMS6611_6657" time="54.861" classname="com.hms.hotelogix.automationframework.tests.admin.PriceManager.Seasons.SeasonTest"/>
  <testcase name="HMS6592" time="60.674" classname="com.hms.hotelogix.automationframework.tests.admin.PriceManager.Seasons.SeasonTest"/>
  <testcase name="HMS2358" time="50.689" classname="com.hms.hotelogix.automationframework.tests.admin.PriceManager.Seasons.SeasonTest"/>
  <testcase name="HMS2359" time="27.502" classname="com.hms.hotelogix.automationframework.tests.admin.PriceManager.Seasons.SeasonTest"/>
  <testcase name="HMS9261" time="23.261" classname="com.hms.hotelogix.automationframework.tests.admin.PriceManager.Seasons.SeasonTest"/>
  <testcase name="HMS2363" time="21.796" classname="com.hms.hotelogix.automationframework.tests.admin.PriceManager.Seasons.SeasonTest"/>
  <testcase name="HMS6654" time="28.676" classname="com.hms.hotelogix.automationframework.tests.admin.PriceManager.Seasons.SeasonTest"/>
  <testcase name="HMS2350" time="56.857" classname="com.hms.hotelogix.automationframework.tests.admin.PriceManager.Seasons.SeasonTest"/>
  <testcase name="HMS2347" time="33.148" classname="com.hms.hotelogix.automationframework.tests.admin.PriceManager.Seasons.SeasonTest"/>
  <testcase name="HMS2365" time="116.131" classname="com.hms.hotelogix.automationframework.tests.admin.PriceManager.Seasons.SeasonTest"/>
  <testcase name="HMS2346" time="30.973" classname="com.hms.hotelogix.automationframework.tests.admin.PriceManager.Seasons.SeasonTest"/>
  <testcase name="HMS2355" time="30.410" classname="com.hms.hotelogix.automationframework.tests.admin.PriceManager.Seasons.SeasonTest"/>
  <testcase name="HMS2352" time="115.156" classname="com.hms.hotelogix.automationframework.tests.admin.PriceManager.Seasons.SeasonTest">
    <failure type="org.openqa.selenium.NoSuchElementException" message="Unable to locate element: {&quot;method&quot;:&quot;xpath&quot;,&quot;selector&quot;:&quot;//table[@id=&#039;mainSeasonTable&#039;]//tr[6]//td[3]&quot;}
Command duration or timeout: 70.10 seconds
For documentation on this error, please visit: http://seleniumhq.org/exceptions/no_such_element.html
Build info: version: &#039;2.53.0&#039;, revision: &#039;35ae25b1534ae328c771e0856c93e187490ca824&#039;, time: &#039;2016-03-15 10:43:46&#039;
System info: host: &#039;hms-update4&#039;, ip: &#039;192.168.2.115&#039;, os.name: &#039;Windows 7&#039;, os.arch: &#039;x86&#039;, os.version: &#039;6.1&#039;, java.version: &#039;1.8.0_65&#039;
Driver info: org.openqa.selenium.firefox.FirefoxDriver
Capabilities [{applicationCacheEnabled=true, rotatable=false, handlesAlerts=true, databaseEnabled=true, version=40.0.3, platform=WINDOWS, nativeEvents=false, acceptSslCerts=true, webStorageEnabled=true, locationContextEnabled=true, browserName=firefox, takesScreenshot=true, javascriptEnabled=true, cssSelectorsEnabled=true}]
Session ID: cf573342-4c1b-447f-aeec-41eeba1ef21b
*** Element info: {Using=xpath, value=//table[@id=&#039;mainSeasonTable&#039;]//tr[6]//td[3]}">
      <![CDATA[org.openqa.selenium.NoSuchElementException: Unable to locate element: {"method":"xpath","selector":"//table[@id='mainSeasonTable']//tr[6]//td[3]"}
Command duration or timeout: 70.10 seconds
For documentation on this error, please visit: http://seleniumhq.org/exceptions/no_such_element.html
Build info: version: '2.53.0', revision: '35ae25b1534ae328c771e0856c93e187490ca824', time: '2016-03-15 10:43:46'
System info: host: 'hms-update4', ip: '192.168.2.115', os.name: 'Windows 7', os.arch: 'x86', os.version: '6.1', java.version: '1.8.0_65'
Driver info: org.openqa.selenium.firefox.FirefoxDriver
Capabilities [{applicationCacheEnabled=true, rotatable=false, handlesAlerts=true, databaseEnabled=true, version=40.0.3, platform=WINDOWS, nativeEvents=false, acceptSslCerts=true, webStorageEnabled=true, locationContextEnabled=true, browserName=firefox, takesScreenshot=true, javascriptEnabled=true, cssSelectorsEnabled=true}]
Session ID: cf573342-4c1b-447f-aeec-41eeba1ef21b
*** Element info: {Using=xpath, value=//table[@id='mainSeasonTable']//tr[6]//td[3]}
	at sun.reflect.NativeConstructorAccessorImpl.newInstance0(Native Method)
	at sun.reflect.NativeConstructorAccessorImpl.newInstance(Unknown Source)
	at sun.reflect.DelegatingConstructorAccessorImpl.newInstance(Unknown Source)
	at java.lang.reflect.Constructor.newInstance(Unknown Source)
	at org.openqa.selenium.remote.ErrorHandler.createThrowable(ErrorHandler.java:206)
	at org.openqa.selenium.remote.ErrorHandler.throwIfResponseFailed(ErrorHandler.java:158)
	at org.openqa.selenium.remote.RemoteWebDriver.execute(RemoteWebDriver.java:678)
	at org.openqa.selenium.remote.RemoteWebDriver.findElement(RemoteWebDriver.java:363)
	at org.openqa.selenium.remote.RemoteWebDriver.findElementByXPath(RemoteWebDriver.java:500)
	at org.openqa.selenium.By$ByXPath.findElement(By.java:361)
	at org.openqa.selenium.remote.RemoteWebDriver.findElement(RemoteWebDriver.java:355)
	at com.hms.hotelogix.automationframework.pages.admin.PriceManager.Seasons.SeasonsLandingPage.fn_clkEditLnk(SeasonsLandingPage.java:201)
	at com.hms.hotelogix.automationframework.tests.admin.PriceManager.Seasons.SeasonTest.HMS2352(SeasonTest.java:399)
	at sun.reflect.NativeMethodAccessorImpl.invoke0(Native Method)
	at sun.reflect.NativeMethodAccessorImpl.invoke(Unknown Source)
	at sun.reflect.DelegatingMethodAccessorImpl.invoke(Unknown Source)
	at java.lang.reflect.Method.invoke(Unknown Source)
	at org.testng.internal.MethodInvocationHelper.invokeMethod(MethodInvocationHelper.java:84)
	at org.testng.internal.Invoker.invokeMethod(Invoker.java:714)
	at org.testng.internal.Invoker.invokeTestMethod(Invoker.java:901)
	at org.testng.internal.Invoker.invokeTestMethods(Invoker.java:1231)
	at org.testng.internal.TestMethodWorker.invokeTestMethods(TestMethodWorker.java:127)
	at org.testng.internal.TestMethodWorker.run(TestMethodWorker.java:111)
	at org.testng.TestRunner.privateRun(TestRunner.java:767)
	at org.testng.TestRunner.run(TestRunner.java:617)
	at org.testng.SuiteRunner.runTest(SuiteRunner.java:348)
	at org.testng.SuiteRunner.runSequentially(SuiteRunner.java:343)
	at org.testng.SuiteRunner.privateRun(SuiteRunner.java:305)
	at org.testng.SuiteRunner.run(SuiteRunner.java:254)
	at org.testng.SuiteRunnerWorker.runSuite(SuiteRunnerWorker.java:52)
	at org.testng.SuiteRunnerWorker.run(SuiteRunnerWorker.java:86)
	at org.testng.TestNG.runSuitesSequentially(TestNG.java:1224)
	at org.testng.TestNG.runSuitesLocally(TestNG.java:1149)
	at org.testng.TestNG.run(TestNG.java:1057)
	at org.testng.remote.AbstractRemoteTestNG.run(AbstractRemoteTestNG.java:132)
	at org.testng.remote.RemoteTestNG.initAndRun(RemoteTestNG.java:236)
	at org.testng.remote.RemoteTestNG.main(RemoteTestNG.java:81)
Caused by: org.openqa.selenium.NoSuchElementException: Unable to locate element: {"method":"xpath","selector":"//table[@id='mainSeasonTable']//tr[6]//td[3]"}
For documentation on this error, please visit: http://seleniumhq.org/exceptions/no_such_element.html
Build info: version: '2.53.0', revision: '35ae25b1534ae328c771e0856c93e187490ca824', time: '2016-03-15 10:43:46'
System info: host: 'hms-update4', ip: '192.168.2.115', os.name: 'Windows 7', os.arch: 'x86', os.version: '6.1', java.version: '1.8.0_65'
Driver info: driver.version: unknown
	at <anonymous class>.FirefoxDriver.prototype.findElementInternal_(file:///C:/Users/qa/AppData/Local/Temp/anonymous780825316419436744webdriver-profile/extensions/fxdriver@googlecode.com/components/driver-component.js:10770)
	at <anonymous class>.fxdriver.Timer.prototype.setTimeout/<.notify(file:///C:/Users/qa/AppData/Local/Temp/anonymous780825316419436744webdriver-profile/extensions/fxdriver@googlecode.com/components/driver-component.js:625)
]]>
    </failure>
  </testcase> <!-- HMS2352 -->
  <testcase name="HMS7881" time="26.374" classname="com.hms.hotelogix.automationframework.tests.admin.PriceManager.Seasons.SeasonTest"/>
  <testcase name="HMS2344" time="27.283" classname="com.hms.hotelogix.automationframework.tests.admin.PriceManager.Seasons.SeasonTest"/>
  <testcase name="HMS6605_6657" time="54.312" classname="com.hms.hotelogix.automationframework.tests.admin.PriceManager.Seasons.SeasonTest"/>
  <testcase name="HMS2345" time="28.974" classname="com.hms.hotelogix.automationframework.tests.admin.PriceManager.Seasons.SeasonTest"/>
  <testcase name="HMS6618" time="31.415" classname="com.hms.hotelogix.automationframework.tests.admin.PriceManager.Seasons.SeasonTest"/>
  <testcase name="HMS6636" time="29.016" classname="com.hms.hotelogix.automationframework.tests.admin.PriceManager.Seasons.SeasonTest"/>
  <testcase name="HMS2349" time="40.193" classname="com.hms.hotelogix.automationframework.tests.admin.PriceManager.Seasons.SeasonTest"/>
  <testcase name="HMS2348" time="31.177" classname="com.hms.hotelogix.automationframework.tests.admin.PriceManager.Seasons.SeasonTest"/>
  <testcase name="HMS2356" time="29.581" classname="com.hms.hotelogix.automationframework.tests.admin.PriceManager.Seasons.SeasonTest"/>
  <testcase name="HMS7875" time="21.982" classname="com.hms.hotelogix.automationframework.tests.admin.PriceManager.Seasons.SeasonTest"/>
</testsuite> <!-- com.hms.hotelogix.automationframework.tests.admin.PriceManager.Seasons.SeasonTest -->
