<?xml version="1.0" encoding="UTF-8"?>
<!-- Generated by org.testng.reporters.JUnitReportReporter -->
<testsuite hostname="hms-update4" name="com.hms.hotelogix.automationframework.tests.admin.RoomsManager.PhoneExtensions.PhoneExtensionsTest" tests="1" failures="0" timestamp="31 Aug 2017 06:21:18 GMT" time="32.642" errors="0">
  <testcase name="HMS9085" time="32.642" classname="com.hms.hotelogix.automationframework.tests.admin.RoomsManager.PhoneExtensions.PhoneExtensionsTest"/>
</testsuite> <!-- com.hms.hotelogix.automationframework.tests.admin.RoomsManager.PhoneExtensions.PhoneExtensionsTest -->
