<?xml version="1.0" encoding="UTF-8"?>
<!-- Generated by org.testng.reporters.JUnitReportReporter -->
<testsuite hostname="hms-update4" name="com.hms.hotelogix.automationframework.tests.admin.General.Notes.NotesTest" tests="1" failures="0" timestamp="5 Jun 2017 10:26:16 GMT" time="143.363" errors="0">
  <testcase name="HMS1936" time="143.363" classname="com.hms.hotelogix.automationframework.tests.admin.General.Notes.NotesTest"/>
</testsuite> <!-- com.hms.hotelogix.automationframework.tests.admin.General.Notes.NotesTest -->
