<?xml version="1.0" encoding="UTF-8"?>
<!-- Generated by org.testng.reporters.JUnitReportReporter -->
<testsuite hostname="hms-update4" name="com.hms.hotelogix.automationframework.tests.admin.General.LoggedInUsers.LoggedInUsersTest" tests="17" failures="0" timestamp="28 Aug 2017 06:30:49 GMT" time="943.287" errors="0">
  <testcase name="HMS2312" time="97.968" classname="com.hms.hotelogix.automationframework.tests.admin.General.LoggedInUsers.LoggedInUsersTest"/>
  <testcase name="HMS9257" time="23.149" classname="com.hms.hotelogix.automationframework.tests.admin.General.LoggedInUsers.LoggedInUsersTest"/>
  <testcase name="HMS2306" time="71.163" classname="com.hms.hotelogix.automationframework.tests.admin.General.LoggedInUsers.LoggedInUsersTest"/>
  <testcase name="HMS2314" time="87.781" classname="com.hms.hotelogix.automationframework.tests.admin.General.LoggedInUsers.LoggedInUsersTest"/>
  <testcase name="HMS9245" time="28.320" classname="com.hms.hotelogix.automationframework.tests.admin.General.LoggedInUsers.LoggedInUsersTest"/>
  <testcase name="HMS2307" time="27.107" classname="com.hms.hotelogix.automationframework.tests.admin.General.LoggedInUsers.LoggedInUsersTest"/>
  <testcase name="HMS9260" time="24.062" classname="com.hms.hotelogix.automationframework.tests.admin.General.LoggedInUsers.LoggedInUsersTest"/>
  <testcase name="HMS2311" time="94.517" classname="com.hms.hotelogix.automationframework.tests.admin.General.LoggedInUsers.LoggedInUsersTest"/>
  <testcase name="HMS8198" time="79.524" classname="com.hms.hotelogix.automationframework.tests.admin.General.LoggedInUsers.LoggedInUsersTest"/>
  <testcase name="HMS2317" time="96.418" classname="com.hms.hotelogix.automationframework.tests.admin.General.LoggedInUsers.LoggedInUsersTest"/>
  <testcase name="HMS2305" time="23.905" classname="com.hms.hotelogix.automationframework.tests.admin.General.LoggedInUsers.LoggedInUsersTest"/>
  <testcase name="HMS8199" time="24.399" classname="com.hms.hotelogix.automationframework.tests.admin.General.LoggedInUsers.LoggedInUsersTest"/>
  <testcase name="HMS2308" time="40.242" classname="com.hms.hotelogix.automationframework.tests.admin.General.LoggedInUsers.LoggedInUsersTest"/>
  <testcase name="HMS2316" time="28.864" classname="com.hms.hotelogix.automationframework.tests.admin.General.LoggedInUsers.LoggedInUsersTest"/>
  <testcase name="HMS8200" time="68.240" classname="com.hms.hotelogix.automationframework.tests.admin.General.LoggedInUsers.LoggedInUsersTest"/>
  <testcase name="HMS2313" time="97.662" classname="com.hms.hotelogix.automationframework.tests.admin.General.LoggedInUsers.LoggedInUsersTest"/>
  <testcase name="HMS2315" time="29.966" classname="com.hms.hotelogix.automationframework.tests.admin.General.LoggedInUsers.LoggedInUsersTest"/>
</testsuite> <!-- com.hms.hotelogix.automationframework.tests.admin.General.LoggedInUsers.LoggedInUsersTest -->
