<?xml version="1.0" encoding="UTF-8"?>
<!-- Generated by org.testng.reporters.JUnitReportReporter -->
<testsuite hostname="hms-update4" name="com.hms.hotelogix.automationframework.tests.admin.RoomsManager.RoomTypes.RoomTypeTest" tests="1" failures="0" timestamp="29 Aug 2017 11:41:57 GMT" time="148.065" errors="0">
  <testcase name="HMS1720" time="148.065" classname="com.hms.hotelogix.automationframework.tests.admin.RoomsManager.RoomTypes.RoomTypeTest"/>
</testsuite> <!-- com.hms.hotelogix.automationframework.tests.admin.RoomsManager.RoomTypes.RoomTypeTest -->
