<?xml version="1.0" encoding="UTF-8"?>
<!-- Generated by org.testng.reporters.JUnitReportReporter -->
<testsuite hostname="hms-update4" name="com.hms.hotelogix.automationframework.tests.admin.RoomsManager.DisplayColors.DisplayColorsTest" tests="1" failures="0" timestamp="7 Jun 2017 13:10:10 GMT" time="85.044" errors="0">
  <testcase name="HMS8932" time="85.044" classname="com.hms.hotelogix.automationframework.tests.admin.RoomsManager.DisplayColors.DisplayColorsTest"/>
</testsuite> <!-- com.hms.hotelogix.automationframework.tests.admin.RoomsManager.DisplayColors.DisplayColorsTest -->
